#-----------------------------------------------------------
# Vivado v2018.3 (64-bit)
# SW Build 2405991 on Thu Dec  6 23:38:27 MST 2018
# IP Build 2404404 on Fri Dec  7 01:43:56 MST 2018
# Start of session at: Wed Nov 11 13:15:22 2020
# Process ID: 12952
# Current directory: C:/Users/Kayn/Documents/Facultate/SMP/lab02/project_2
# Command line: vivado.exe -gui_launcher_event rodinguilauncherevent9560 C:\Users\Kayn\Documents\Facultate\SMP\lab02\project_2\project_2.xpr
# Log file: C:/Users/Kayn/Documents/Facultate/SMP/lab02/project_2/vivado.log
# Journal file: C:/Users/Kayn/Documents/Facultate/SMP/lab02/project_2\vivado.jou
#-----------------------------------------------------------
start_gui
open_project C:/Users/Kayn/Documents/Facultate/SMP/lab02/project_2/project_2.xpr
WARNING: [filemgmt 20-922] The BXML file is of a newer version (0.37) then the current supported version (0.36).
Data could be potentially be lost
CRITICAL WARNING: [Project 1-19] Could not find the file 'C:/Users/Kayn/Documents/Facultate/SMP/lab02/project_2/project_2/simulare_behav.wcfg'.
Scanning sources...
Finished scanning sources
INFO: [IP_Flow 19-234] Refreshing IP repositories
INFO: [IP_Flow 19-1704] No user IP repositories specified
INFO: [IP_Flow 19-2313] Loaded Vivado IP repository 'C:/Xilinx/Vivado/2018.3/data/ip'.
update_compile_order -fileset sources_1
exit
INFO: [Common 17-206] Exiting Vivado at Wed Nov 11 13:16:35 2020...
