
Running cpp/task-1...
========================================
Running cpp/task-1...
========================================
Running cpp/task-1...
========================================
Running cpp/task-1...
========================================
Running cpp/task-1...
========================================
Running cpp/task-1...
========================================
Running cpp/task-1...
========================================
Running cpp/task-1...
========================================
Running cpp/task-1...
========================================
Running cpp/task-1...
========================================
Running cpp/task-1...
========================================
Compiling cpp/task-2...
========================================
Running cpp/task-2...
========================================

Cerinta 2.1 rezolvata	Cerinta 2.2 rezolvata	Running cpp/task-2...
========================================

Cerinta 2.1 rezolvata	Cerinta 2.2 rezolvata	Running cpp/task-2...
========================================

Cerinta 2.1 rezolvata	Cerinta 2.2 rezolvata	Running cpp/task-2...
========================================

Cerinta 2.1 rezolvata	Cerinta 2.2 rezolvata	Running cpp/task-2...
========================================

Cerinta 2.1 rezolvata	Cerinta 2.2 rezolvata	Running cpp/task-2...
========================================

Cerinta 2.1 rezolvata	[1, 7, 4]
[2, 1, 2, 3, 4, 5, 2, 7]

Cerinta 2.2 gresita - solutia nu este subsir in w. 	Running cpp/task-2...
========================================

Cerinta 2.1 rezolvata	Cerinta 2.2 rezolvata	Running cpp/task-2...
========================================

Cerinta 2.1 rezolvata	Cerinta 2.2 rezolvata	Running cpp/task-2...
========================================

Cerinta 2.1 rezolvata	[6, 6, 5, 8, 4]
[5, 4, 6, 6, 8, 2, 2, 2, 2, 4, 8, 6, 6, 4, 4, 2, 2, 4]

Cerinta 2.2 gresita - solutia nu este subsir in w. 	